0 silly argv {
0 silly argv   _: [ 'import' ],
0 silly argv   lernaVersion: '7.1.4',
0 silly argv   '$0': 'lerna',
0 silly argv   dir: '/Users/hewenxin/code/pc'
0 silly argv }
1 notice cli v7.1.4
2 verbose packageConfigs Resolving packages based on package.json "workspaces" configuration.
3 verbose rootPath /Users/hewenxin/code/weather
4 error Error: Command failed with exit code 128: git rev-parse HEAD
4 error fatal: ambiguous argument 'HEAD': unknown revision or path not in the working tree.
4 error Use '--' to separate paths from revisions, like this:
4 error 'git <command> [<revision>...] -- [<file>...]'
4 error HEAD
4 error     at makeError (/Users/hewenxin/.nvm/versions/node/v16.20.0/lib/node_modules/lerna/node_modules/execa/lib/error.js:59:11)
4 error     at Function.module.exports.sync (/Users/hewenxin/.nvm/versions/node/v16.20.0/lib/node_modules/lerna/node_modules/execa/index.js:186:17)
4 error     at Object.execSync (/Users/hewenxin/.nvm/versions/node/v16.20.0/lib/node_modules/lerna/node_modules/@lerna/child-process/index.js:39:16)
4 error     at ImportCommand.execSync (/Users/hewenxin/.nvm/versions/node/v16.20.0/lib/node_modules/lerna/dist/index.js:6938:31)
4 error     at ImportCommand.getCurrentSHA (/Users/hewenxin/.nvm/versions/node/v16.20.0/lib/node_modules/lerna/dist/index.js:6932:21)
4 error     at ImportCommand.initialize (/Users/hewenxin/.nvm/versions/node/v16.20.0/lib/node_modules/lerna/dist/index.js:6909:35)
